(holter) root@pt-09152c2a4d654b7ca5bd34af6e5cb8b3-worker-0:/mnt/afs/zhengmingkai/hhy/Holter# python scripts/m0_fixes.py --data_dir data/DMS
Found 1178 recordings

=== Step 1: Record quality assessment ===
  Processing 0/1178...
  Processing 100/1178...
  Processing 200/1178...
  Processing 300/1178...
  Processing 400/1178...
  Processing 500/1178...
  Processing 600/1178...
  Processing 700/1178...
  Processing 800/1178...
  Processing 900/1178...
  Processing 1000/1178...
  Processing 1100/1178...
  Usable: 1170, Excluded: 8
    EXCLUDE 202108170812_王倩_B504DF3B3: beat_count_diff_22.2pct (ann=99631, report=81554)
    EXCLUDE 202111121010_范金南_L00614208: beat_count_diff_16.0pct (ann=89284, report=76950)
    EXCLUDE 202112010945_陈丽珍_P06222335: beat_count_diff_15.7pct (ann=108757, report=94011)
    EXCLUDE 202112021017_蔡婷_H50850963: beat_count_diff_14.9pct (ann=93901, report=81742)
    EXCLUDE 202112030845_陈铭奎_P09280856: beat_count_diff_47.8pct (ann=88510, report=59894)
    EXCLUDE 202112031054_徐晶_K17180488: beat_count_diff_10.4pct (ann=102416, report=92795)
    EXCLUDE 202112300945_丁美华_P29575731: beat_count_diff_10.4pct (ann=104890, report=95036)
    EXCLUDE 202201030744_朱玉卿_P05895984: report_beats_zero
  Saved 1170 valid IDs to valid_records.txt

=== Step 2: SVT pattern diagnosis ===
  SVT-related reports found: 356/1177
    [房速] 202108120810_陆林娟_P03609366: ... 房性早搏：有173次（其中单个：138次；成对：5次；短阵房速：5阵）；                   通道:1(II)3(V5)间歇性ST段水平型压低...
    [房速] 202108120815_徐玉珍_P05083484: ...0次；      房性早搏：有58次（其中单个：54次；短阵房速：1阵）；                   另有房早未下传：26次；      通道:1(I...
    [房速] 202108120815_梁军伟_130001003824045: ...  最长R-R间期：1.51秒 见于04:51:05 为短阵房速后窦房结恢复时间；      室性早搏：0次；      房性早搏：有12次（其中单个：8次；短...
    [房速] 202108120825_鲍绿明_P07438584: ...次（其中单个：97次且含有房早三联律：1阵；成对：3次；短阵房速：3阵）；      通道:1(II)2(V1)3(V5)全程未见缺血型ST-T改变...
    [SVT] 202108120840_蒋鹏_P05252372: ...NGLE]次房早二联律：[SVB_NUM]阵 房早三联律：[SVT_NUM]阵；                               成对：[SVPAI...
    [房速] 202108120840_韩文祥_P01161967: ...于2.0秒有1次 达2.13秒 见于15:26:49 为短阵房速后窦房结恢复时间；      室性早搏：有50次（均为单发 其中室早二联律：1阵） 室早呈二源性...
    [房速] 202108120845_吴光辉_A14110422: ...不齐；      房性早搏：有83次（其中单个：64次；短阵房速：4阵）；                   通道：1（II）、3（V5）间歇性ST段水平型压...
    [房速] 202108120917_卫庆根_L01408879: ...单个：4101次 房早三联律：42阵；成对：4841次；短阵房速：2114阵）；      全程示完全性右束支阻滞图形；      通道:1(II)2(V1)3...
    [房速] 202108120935_胡瑞芳_P16192029: ...发）；      房性早搏：有50次（其中单个：31次；短阵房速：4阵）；      通道:1(II)2(V1)3(V5)全程未见缺血型ST-T改变...
    [房速] 202108120942_刘霞飞_P23710816: ... 房性早搏：有956次（其中单个：921次；成对：2次；短阵房速：5阵）；                   通道:1(II)2(V1)3(V5)全程未见缺血...

=== Step 3: Concept prevalence (threshold 2-90%) ===
  Valid concepts: 15
    sinus_rhythm               1142 ( 97.0%) — SKIP (too_high_97.0%)
    sinus_bradycardia          1035 ( 87.9%) — OK
    sinus_tachycardia           945 ( 80.3%) — OK
    sinus_arrhythmia            344 ( 29.2%) — OK
    frequent_pvc                261 ( 22.2%) — OK
    pvc_bigeminy                257 ( 21.8%) — OK
    pvc_trigeminy               277 ( 23.5%) — OK
    pvc_couplet                 453 ( 38.5%) — OK
    pvc_run                      43 (  3.7%) — OK
    pvc_present                 854 ( 72.6%) — OK
    frequent_pac                241 ( 20.5%) — OK
    pac_present                 978 ( 83.1%) — OK
    svt_run                       0 (  0.0%) — SKIP (too_low_0.0%)
    atrial_fibrillation          55 (  4.7%) — OK
    pause_long                 1173 ( 99.7%) — SKIP (too_high_99.7%)
    av_block                      6 (  0.5%) — SKIP (too_low_0.5%)
    bundle_branch_block          61 (  5.2%) — OK
    st_t_change                 695 ( 59.0%) — OK
    st_t_normal                 657 ( 55.8%) — OK

Full report saved to m0_fixes_report.json

============================================================
SUMMARY
  Records: 1170/1178 usable
  Concepts: 15 valid (threshold 2-90%)
  SVT patterns: 356 found
  Next: review m0_fixes_report.json, then proceed to M1
