(holter) root@pt-09152c2a4d654b7ca5bd34af6e5cb8b3-worker-0:/mnt/afs/zhengmingkai/hhy/Holter# bash scripts/run_m0_sanity.sh
=== M0: Data Sanity Checks ===
Data dir: data/DMS

Found 1178 recordings

=== R001: Beat extraction & RR stats ===
/mnt/afs/zhengmingkai/hhy/Holter/scripts/sanity_check.py:35: RuntimeWarning: divide by zero encountered in scalar divide
  mean_hr_computed = 60.0 / np.mean(rr)
  Pass: 901, Fail: 277
  Error: {'record': '202108120804_青山山_140801001042330', 'beat_count': {'ann': 120014, 'report': 120008, 'ok': True}, 'mean_hr': {'computed': np.float64(83.5), 'report': 82, 'ok': np.True_}, 'duration': {'ann': 86399, 'report': 87600, 'ok': np.False_}}
  Error: {'record': '202108120825_蒲欢_K26013614', 'beat_count': {'ann': 99165, 'report': 99109, 'ok': True}, 'mean_hr': {'computed': np.float64(69.0), 'report': 68, 'ok': np.True_}, 'duration': {'ann': 86399, 'report': 87000, 'ok': np.False_}}
  Error: {'record': '202108120830_位茹月_140801001070134', 'beat_count': {'ann': 124301, 'report': 124293, 'ok': True}, 'mean_hr': {'computed': np.float64(90.0), 'report': 89, 'ok': np.True_}, 'duration': {'ann': 84181, 'report': 85200, 'ok': np.False_}}
  Error: {'record': '202108120845_吴光辉_A14110422', 'beat_count': {'ann': 103818, 'report': 103814, 'ok': True}, 'mean_hr': {'computed': np.float64(77.1), 'report': 77, 'ok': np.True_}, 'duration': {'ann': 80881, 'report': 83880, 'ok': np.False_}}
  Error: {'record': '202108120852_吕春凯_A504DE9B1', 'beat_count': {'ann': 90634, 'report': 90625, 'ok': True}, 'mean_hr': {'computed': np.float64(68.9), 'report': 68, 'ok': np.True_}, 'duration': {'ann': 79081, 'report': 83100, 'ok': np.False_}}

=== R002: PVC consistency ===
  Pass: 1177, Fail: 1
  Error: {'record': '202108170809_朱荣锁_L17754143', 'v_ann': 21770, 'v_report': 21769, 'diff': 1}

=== R003: Report concept ontology ===
  Total reports: 1177
  Valid concepts (12):
    pvc_present: 854 (72.6%) — e.g. '室性早搏'
    st_t_change: 695 (59.0%) — e.g. '缺血型'
    st_t_normal: 657 (55.8%) — e.g. '未见缺血型ST-T'
    pvc_couplet: 453 (38.5%) — e.g. '成对'
    sinus_arrhythmia: 344 (29.2%) — e.g. '窦不齐'
    pvc_trigeminy: 277 (23.5%) — e.g. '室早三联律'
    frequent_pvc: 261 (22.2%) — e.g. '室性早搏：有1827'
    pvc_bigeminy: 257 (21.8%) — e.g. '室早二联律'
    frequent_pac: 241 (20.5%) — e.g. '房性早搏：有173'
    bundle_branch_block: 61 (5.2%) — e.g. '右束支'
    atrial_fibrillation: 55 (4.7%) — e.g. '房颤'
    pvc_run: 43 (3.7%) — e.g. '短阵室速'

=== R004: Ventricular event prevalence ===
  Totals: {'bigeminy': 172047, 'trigeminy': 186029, 'couplet': 10638, 'v_run': 2971, 'isolated_pvc': 1045640}
  Records with bigeminy: 131/1178
  Records with couplet: 122/1178
  Records with V-run: 39/1178

Results saved to sanity_results.json

Results saved to sanity_results.json
Review before proceeding to M1.