=== M2: HolterFM Pretraining ===
Data: data/DMS
Valid list: valid_records.txt
Output: checkpoints/pretrain
Epochs: 40, BS: 1, LR: 2e-4
GPUs: 0

=== Step 1: Sanity check ===
/mnt/afs/zhengmingkai/miniconda3/envs/holter/lib/python3.12/site-packages/torch/nn/functional.py:6001: UserWarning: 1Torch was not compiled with memory efficient attention. (Triggered internally at /workspace/framework/mcPytorch/aten/src/ATen/native/transformers/cuda/sdp_utils.cpp:738.)
  return _scaled_dot_product_attention(query, key, value, attn_mask, dropout_p, is_causal, scale = scale, enable_gqa = enable_gqa)
Device: cuda
Records: 1178
Dataset size: 1178

Test batch: 512 beats, 8 episodes
  windows: torch.Size([1, 512, 80, 3])
  metadata: torch.Size([1, 512, 6])

Model parameters:
  beat_tokenizer: 1,091,217 (1.1M)
  episode_encoder: 10,746,624 (10.7M)
  rhythm_branch: 383,513 (0.4M)
  day_encoder: 39,408,129 (39.4M)
  beat_proj: 656,384 (0.7M)
  total: 52,285,867 (52.3M)

Running forward pass...
Forward pass: 6.11s

Outputs:
  beat_embeds: torch.Size([1, 512, 256]) (dtype=torch.float32)
  beat_repr: torch.Size([1, 512, 512]) (dtype=torch.float32)
  code_idx: torch.Size([1, 512]) (dtype=torch.int64)
  episode_tokens: list of 1 tensors, first shape=torch.Size([8, 384])
  episode_ctx: torch.Size([1, 8, 512]) (dtype=torch.float32)
  ep_fused_targets: torch.Size([1, 8, 512]) (dtype=torch.float32)
  beat_rhythm: torch.Size([1, 512, 128]) (dtype=torch.float32)
  day_embed: torch.Size([1, 512]) (dtype=torch.float32)
  vq_loss: torch.Size([]) (dtype=torch.float32)

Computing losses...
Loss computation: 1.36s

Losses:
  beat: 18.9590
  beat_mae: 18.9590
  day: 0.0923
  day_mask: 0.0814
  day_stats: 0.0219
  ep_align: 2.1150
  ep_cpc: 1.8689
  ep_order: 0.6750
  episode: 2.9939
  report: 0.6599
  rhythm: 8.4322
  rhythm_mask: 8.3817
  rr_next: 0.2522
  total: 8.9211
  vq: 0.0019

=== ALL CHECKS PASSED ===
Sanity check passed.

=== Step 2: Full pretraining ===
W0430 13:13:30.179000 99105 site-packages/torch/distributed/run.py:774] 
W0430 13:13:30.179000 99105 site-packages/torch/distributed/run.py:774] *****************************************
W0430 13:13:30.179000 99105 site-packages/torch/distributed/run.py:774] Setting OMP_NUM_THREADS environment variable for each process to be 1 in default, to avoid your system being overloaded, please further tune the variable for optimal performance in your application as needed. 
W0430 13:13:30.179000 99105 site-packages/torch/distributed/run.py:774] *****************************************
Found 1170 recordings in data/DMS
Train: 819, Val: 117, World: 8
Steps/epoch: 103, Total steps: 4120
Global batch size: 8
Model parameters: {"beat_tokenizer": "1.1M", "episode_encoder": "10.7M", "rhythm_branch": "0.4M", "day_encoder": "39.4M", "beat_proj": "0.7M", "total": "52.3M"}
[13:16:33.337][MXKW][E]queues.c                :826 : [mxkwCreateQueueBlock][Hint]ioctl create queue block timeout, gpu_id:22597 type:21. Retrying.
[13:16:33.337][MXKW][E]queues.c                :826 : [mxkwCreateQueueBlock][Hint]ioctl create queue block timeout, gpu_id:31510 type:21. Retrying.
[13:16:33.337][MXKW][E]queues.c                :826 : [mxkwCreateQueueBlock][Hint]ioctl create queue block timeout, gpu_id:61644 type:21. Retrying.
[13:16:33.337][MXKW][E]queues.c                :826 : [mxkwCreateQueueBlock][Hint]ioctl create queue block timeout, gpu_id:35414 type:21. Retrying.
[13:16:33.337][MXKW][E]queues.c                :826 : [mxkwCreateQueueBlock][Hint]ioctl create queue block timeout, gpu_id:61138 type:21. Retrying.
[13:16:33.337][MXKW][E]queues.c                :826 : [mxkwCreateQueueBlock][Hint]ioctl create queue block timeout, gpu_id:6807 type:21. Retrying.
[13:16:33.337][MXKW][E]queues.c                :826 : [mxkwCreateQueueBlock][Hint]ioctl create queue block timeout, gpu_id:51332 type:21. Retrying.
[13:16:33.344][MXKW][E]queues.c                :826 : [mxkwCreateQueueBlock][Hint]ioctl create queue block timeout, gpu_id:37197 type:21. Retrying.
[13:16:43.576][MXKW][E]queues.c                :826 : [mxkwCreateQueueBlock][Hint]ioctl create queue block timeout, gpu_id:51332 type:21. Retrying.
[13:16:43.576][MXKW][E]queues.c                :826 : [mxkwCreateQueueBlock][Hint]ioctl create queue block timeout, gpu_id:35414 type:21. Retrying.
[13:16:43.577][MXKW][E]queues.c                :826 : [mxkwCreateQueueBlock][Hint]ioctl create queue block timeout, gpu_id:31510 type:21. Retrying.
[13:16:43.577][MXKW][E]queues.c                :826 : [mxkwCreateQueueBlock][Hint]ioctl create queue block timeout, gpu_id:61138 type:21. Retrying.
[13:16:43.577][MXKW][E]queues.c                :826 : [mxkwCreateQueueBlock][Hint]ioctl create queue block timeout, gpu_id:22597 type:21. Retrying.
[13:16:43.577][MXKW][E]queues.c                :826 : [mxkwCreateQueueBlock][Hint]ioctl create queue block timeout, gpu_id:61644 type:21. Retrying.
[13:16:43.578][MXKW][E]queues.c                :826 : [mxkwCreateQueueBlock][Hint]ioctl create queue block timeout, gpu_id:6807 type:21. Retrying.
[13:16:43.586][MXKW][E]queues.c                :826 : [mxkwCreateQueueBlock][Hint]ioctl create queue block timeout, gpu_id:37197 type:21. Retrying.
[13:16:53.816][MXKW][E]queues.c                :826 : [mxkwCreateQueueBlock][Hint]ioctl create queue block timeout, gpu_id:61138 type:21. Retrying.
[13:16:53.816][MXKW][E]queues.c                :826 : [mxkwCreateQueueBlock][Hint]ioctl create queue block timeout, gpu_id:51332 type:21. Retrying.
[13:16:53.816][MXKW][E]queues.c                :826 : [mxkwCreateQueueBlock][Hint]ioctl create queue block timeout, gpu_id:6807 type:21. Retrying.
[13:16:53.817][MXKW][E]queues.c                :826 : [mxkwCreateQueueBlock][Hint]ioctl create queue block timeout, gpu_id:37197 type:21. Retrying.
[13:16:53.817][MXKW][E]queues.c                :826 : [mxkwCreateQueueBlock][Hint]ioctl create queue block timeout, gpu_id:35414 type:21. Retrying.
[13:16:53.817][MXKW][E]queues.c                :826 : [mxkwCreateQueueBlock][Hint]ioctl create queue block timeout, gpu_id:22597 type:21. Retrying.
[13:16:53.818][MXKW][E]queues.c                :826 : [mxkwCreateQueueBlock][Hint]ioctl create queue block timeout, gpu_id:31510 type:21. Retrying.
[13:16:53.825][MXKW][E]queues.c                :826 : [mxkwCreateQueueBlock][Hint]ioctl create queue block timeout, gpu_id:61644 type:21. Retrying.
[13:17:04.056][MXKW][E]queues.c                :826 : [mxkwCreateQueueBlock][Hint]ioctl create queue block timeout, gpu_id:51332 type:21. Retrying.
[13:17:04.057][MXKW][E]queues.c                :826 : [mxkwCreateQueueBlock][Hint]ioctl create queue block timeout, gpu_id:6807 type:21. Retrying.
[13:17:04.057][MXKW][E]queues.c                :826 : [mxkwCreateQueueBlock][Hint]ioctl create queue block timeout, gpu_id:37197 type:21. Retrying.
[13:17:04.057][MXKW][E]queues.c                :826 : [mxkwCreateQueueBlock][Hint]ioctl create queue block timeout, gpu_id:31510 type:21. Retrying.
[13:17:04.057][MXKW][E]queues.c                :826 : [mxkwCreateQueueBlock][Hint]ioctl create queue block timeout, gpu_id:61138 type:21. Retrying.
[13:17:04.057][MXKW][E]queues.c                :826 : [mxkwCreateQueueBlock][Hint]ioctl create queue block timeout, gpu_id:61644 type:21. Retrying.
[13:17:04.058][MXKW][E]queues.c                :826 : [mxkwCreateQueueBlock][Hint]ioctl create queue block timeout, gpu_id:35414 type:21. Retrying.
[13:17:04.065][MXKW][E]queues.c                :826 : [mxkwCreateQueueBlock][Hint]ioctl create queue block timeout, gpu_id:22597 type:21. Retrying.
[13:17:14.297][MXKW][E]queues.c                :826 : [mxkwCreateQueueBlock][Hint]ioctl create queue block timeout, gpu_id:61138 type:21. Retrying.
[13:17:14.297][MXKW][E]queues.c                :826 : [mxkwCreateQueueBlock][Hint]ioctl create queue block timeout, gpu_id:35414 type:21. Retrying.
[13:17:14.297][MXKW][E]queues.c                :826 : [mxkwCreateQueueBlock][Hint]ioctl create queue block timeout, gpu_id:51332 type:21. Retrying.
[13:17:14.297][MXKW][E]queues.c                :826 : [mxkwCreateQueueBlock][Hint]ioctl create queue block timeout, gpu_id:61644 type:21. Retrying.
[13:17:14.297][MXKW][E]queues.c                :826 : [mxkwCreateQueueBlock][Hint]ioctl create queue block timeout, gpu_id:22597 type:21. Retrying.
[13:17:14.297][MXKW][E]queues.c                :826 : [mxkwCreateQueueBlock][Hint]ioctl create queue block timeout, gpu_id:6807 type:21. Retrying.
[13:17:14.299][MXKW][E]queues.c                :826 : [mxkwCreateQueueBlock][Hint]ioctl create queue block timeout, gpu_id:31510 type:21. Retrying.
[13:17:14.306][MXKW][E]queues.c                :826 : [mxkwCreateQueueBlock][Hint]ioctl create queue block timeout, gpu_id:37197 type:21. Retrying.
[13:17:24.536][MXKW][E]queues.c                :826 : [mxkwCreateQueueBlock][Hint]ioctl create queue block timeout, gpu_id:22597 type:21. Retrying.
[13:17:24.536][MXKW][E]queues.c                :826 : [mxkwCreateQueueBlock][Hint]ioctl create queue block timeout, gpu_id:35414 type:21. Retrying.
[13:17:24.536][MXKW][E]queues.c                :826 : [mxkwCreateQueueBlock][Hint]ioctl create queue block timeout, gpu_id:51332 type:21. Retrying.
[13:17:24.537][MXKW][E]queues.c                :826 : [mxkwCreateQueueBlock][Hint]ioctl create queue block timeout, gpu_id:61138 type:21. Retrying.
[13:17:24.537][MXKW][E]queues.c                :826 : [mxkwCreateQueueBlock][Hint]ioctl create queue block timeout, gpu_id:6807 type:21. Retrying.
[13:17:24.537][MXKW][E]queues.c                :826 : [mxkwCreateQueueBlock][Hint]ioctl create queue block timeout, gpu_id:37197 type:21. Retrying.
[13:17:24.538][MXKW][E]queues.c                :826 : [mxkwCreateQueueBlock][Hint]ioctl create queue block timeout, gpu_id:31510 type:21. Retrying.
[13:17:24.545][MXKW][E]queues.c                :826 : [mxkwCreateQueueBlock][Hint]ioctl create queue block timeout, gpu_id:61644 type:21. Retrying.
[13:17:34.777][MXKW][E]queues.c                :826 : [mxkwCreateQueueBlock][Hint]ioctl create queue block timeout, gpu_id:31510 type:21. Retrying.
[13:17:34.777][MXKW][E]queues.c                :826 : [mxkwCreateQueueBlock][Hint]ioctl create queue block timeout, gpu_id:61644 type:21. Retrying.
[13:17:34.777][MXKW][E]queues.c                :826 : [mxkwCreateQueueBlock][Hint]ioctl create queue block timeout, gpu_id:22597 type:21. Retrying.
[13:17:34.777][MXKW][E]queues.c                :826 : [mxkwCreateQueueBlock][Hint]ioctl create queue block timeout, gpu_id:51332 type:21. Retrying.
[13:17:34.777][MXKW][E]queues.c                :826 : [mxkwCreateQueueBlock][Hint]ioctl create queue block timeout, gpu_id:61138 type:21. Retrying.
[13:17:34.777][MXKW][E]queues.c                :826 : [mxkwCreateQueueBlock][Hint]ioctl create queue block timeout, gpu_id:35414 type:21. Retrying.
[13:17:34.777][MXKW][E]queues.c                :826 : [mxkwCreateQueueBlock][Hint]ioctl create queue block timeout, gpu_id:6807 type:21. Retrying.
[13:17:34.787][MXKW][E]queues.c                :826 : [mxkwCreateQueueBlock][Hint]ioctl create queue block timeout, gpu_id:37197 type:21. Retrying.
[00:53:59.458][MXKW][E]queues.c                :840 : [mxkwCreateQueueBlock][Hint]Retried ioctl create queue block succeed, gpu_id:22597 type:21.
[00:54:09.850][MXKW][E]queues.c                :826 : [mxkwCreateQueueBlock][Hint]ioctl create queue block timeout, gpu_id:22597 type:21. Retrying.
[00:54:20.089][MXKW][E]queues.c                :826 : [mxkwCreateQueueBlock][Hint]ioctl create queue block timeout, gpu_id:22597 type:21. Retrying.
[00:54:30.330][MXKW][E]queues.c                :826 : [mxkwCreateQueueBlock][Hint]ioctl create queue block timeout, gpu_id:22597 type:21. Retrying.
[00:54:40.570][MXKW][E]queues.c                :826 : [mxkwCreateQueueBlock][Hint]ioctl create queue block timeout, gpu_id:22597 type:21. Retrying.
[00:54:50.809][MXKW][E]queues.c                :826 : [mxkwCreateQueueBlock][Hint]ioctl create queue block timeout, gpu_id:22597 type:21. Retrying.
[00:55:01.050][MXKW][E]queues.c                :826 : [mxkwCreateQueueBlock][Hint]ioctl create queue block timeout, gpu_id:22597 type:21. Retrying.
[00:55:11.289][MXKW][E]queues.c                :826 : [mxkwCreateQueueBlock][Hint]ioctl create queue block timeout, gpu_id:22597 type:21. Retrying.
