SKIP_SANITY=1 EPOCHS=5 bash scripts/run_m2_pretrain.sh




[2026-05-03T06:34:44.511037156Z] === M2: HolterFM Pretraining ===
[2026-05-03T06:34:44.511193786Z] Data: data/DMS
[2026-05-03T06:34:44.511351396Z] Valid list: valid_records.txt
[2026-05-03T06:34:44.511505596Z] Output: checkpoints/pretrain
[2026-05-03T06:34:44.511657823Z] Epochs: 5, BS: 1, LR: 2e-4
[2026-05-03T06:34:44.511814907Z] GPUs: 0
[2026-05-03T06:34:44.511962564Z] 
[2026-05-03T06:34:44.512109424Z] === Step 1: Sanity check SKIPPED ===
[2026-05-03T06:34:44.512252897Z] 
[2026-05-03T06:34:44.512409125Z] === Step 2: Full pretraining ===
[2026-05-03T06:34:58.515830263Z] W0503 14:34:58.245000 28 site-packages/torch/distributed/run.py:774] 
[2026-05-03T06:34:58.515981498Z] W0503 14:34:58.245000 28 site-packages/torch/distributed/run.py:774] *****************************************
[2026-05-03T06:34:58.516165306Z] W0503 14:34:58.245000 28 site-packages/torch/distributed/run.py:774] Setting OMP_NUM_THREADS environment variable for each process to be 1 in default, to avoid your system being overloaded, please further tune the variable for optimal performance in your application as needed. 
[2026-05-03T06:34:58.516351201Z] W0503 14:34:58.245000 28 site-packages/torch/distributed/run.py:774] *****************************************
[2026-05-03T06:35:40.515140832Z] Found 1170 recordings in data/DMS
[2026-05-03T06:35:40.515331139Z] Train: 819, Val: 117, World: 8
[2026-05-03T06:35:40.515497132Z] Steps/epoch: 103, Total steps: 515
[2026-05-03T06:35:40.515694416Z] Global batch size: 8
[2026-05-03T06:35:41.514686311Z] Model parameters: {"beat_tokenizer": "1.1M", "episode_encoder": "10.7M", "rhythm_branch": "0.4M", "day_encoder": "39.4M", "beat_proj": "0.7M", "total": "52.3M"}
[2026-05-03T06:36:03.516934897Z] [rank3]:[W503 14:36:02.746944348 reducer.cpp:1457] Warning: find_unused_parameters=True was specified in DDP constructor, but did not find any unused parameters in the forward pass. This flag results in an extra traversal of the autograd graph every iteration,  which can adversely affect performance. If your model indeed never has any unused parameters in the forward pass, consider turning this flag off. Note that this warning may be a false positive if your model has flow control causing later 
[2026-05-03T06:36:03.517161170Z] [rank0]:[W503 14:36:02.752313402 reducer.cpp:1457] Warning: find_unused_parameters=True was specified in DDP constructor, but did not find any unused parameters in the forward pass. This flag results in an extra traversal of the autograd graph every iteration,  which can adversely affect performance. If your model indeed never has any unused parameters in the forward pass, consider turning this flag off. Note that this warning may be a false positive if your model has flow control causing later 
[2026-05-03T06:36:03.517390593Z] [rank1]:[W503 14:36:02.834373383 reducer.cpp:1457] Warning: find_unused_parameters=True was specified in DDP constructor, but did not find any unused parameters in the forward pass. This flag results in an extra traversal of the autograd graph every iteration,  which can adversely affect performance. If your model indeed never has any unused parameters in the forward pass, consider turning this flag off. Note that this warning may be a false positive if your model has flow control causing later 
[2026-05-03T06:36:03.517626012Z] [rank7]:[W503 14:36:03.889241008 reducer.cpp:1457] Warning: find_unused_parameters=True was specified in DDP constructor, but did not find any unused parameters in the forward pass. This flag results in an extra traversal of the autograd graph every iteration,  which can adversely affect performance. If your model indeed never has any unused parameters in the forward pass, consider turning this flag off. Note that this warning may be a false positive if your model has flow control causing later 
[2026-05-03T06:36:03.517892640Z] [rank2]:[W503 14:36:03.989819458 reducer.cpp:1457] Warning: find_unused_parameters=True was specified in DDP constructor, but did not find any unused parameters in the forward pass. This flag results in an extra traversal of the autograd graph every iteration,  which can adversely affect performance. If your model indeed never has any unused parameters in the forward pass, consider turning this flag off. Note that this warning may be a false positive if your model has flow control causing later 
[2026-05-03T06:36:03.518167705Z] [rank6]:[W503 14:36:03.023497340 reducer.cpp:1457] Warning: find_unused_parameters=True was specified in DDP constructor, but did not find any unused parameters in the forward pass. This flag results in an extra traversal of the autograd graph every iteration,  which can adversely affect performance. If your model indeed never has any unused parameters in the forward pass, consider turning this flag off. Note that this warning may be a false positive if your model has flow control causing later 
[2026-05-03T06:36:03.518909599Z] [rank4]:[W503 14:36:03.070912607 reducer.cpp:1457] Warning: find_unused_parameters=True was specified in DDP constructor, but did not find any unused parameters in the forward pass. This flag results in an extra traversal of the autograd graph every iteration,  which can adversely affect performance. If your model indeed never has any unused parameters in the forward pass, consider turning this flag off. Note that this warning may be a false positive if your model has flow control causing later 
[2026-05-03T06:36:03.519115475Z] [rank5]:[W503 14:36:03.082395912 reducer.cpp:1457] Warning: find_unused_parameters=True was specified in DDP constructor, but did not find any unused parameters in the forward pass. This flag results in an extra traversal of the autograd graph every iteration,  which can adversely affect performance. If your model indeed never has any unused parameters in the forward pass, consider turning this flag off. Note that this warning may be a false positive if your model has flow control causing later 
[2026-05-03T06:36:24.520902838Z] /mnt/afs/zhengmingkai/miniconda3/envs/holter/lib/python3.12/site-packages/torch/autograd/graph.py:829: UserWarning: Grad strides do not match bucket view strides. This may indicate grad was not created according to the gradient layout contract, or that the param's strides changed since DDP was constructed.  This is not an error, but may impair performance.
[2026-05-03T06:36:24.521069676Z] grad.sizes() = [1, 4, 512], strides() = [642048, 512, 1]
[2026-05-03T06:36:24.521192578Z] bucket_view.sizes() = [1, 4, 512], strides() = [2048, 512, 1] (Triggered internally at /workspace/framework/mcPytorch/torch/csrc/distributed/c10d/reducer.cpp:334.)
[2026-05-03T06:36:24.521346871Z]   return Variable._execution_engine.run_backward(  # Calls into the C++ engine to run the backward pass
[2026-05-03T06:36:24.521585712Z] /mnt/afs/zhengmingkai/miniconda3/envs/holter/lib/python3.12/site-packages/torch/autograd/graph.py:829: UserWarning: Grad strides do not match bucket view strides. This may indicate grad was not created according to the gradient layout contract, or that the param's strides changed since DDP was constructed.  This is not an error, but may impair performance.
[2026-05-03T06:36:24.521788240Z] grad.sizes() = [1, 4, 512], strides() = [642048, 512, 1]
[2026-05-03T06:36:24.521949558Z] bucket_view.sizes() = [1, 4, 512], strides() = [2048, 512, 1] (Triggered internally at /workspace/framework/mcPytorch/torch/csrc/distributed/c10d/reducer.cpp:334.)
[2026-05-03T06:36:24.522148132Z]   return Variable._execution_engine.run_backward(  # Calls into the C++ engine to run the backward pass
[2026-05-03T06:36:24.522348414Z] /mnt/afs/zhengmingkai/miniconda3/envs/holter/lib/python3.12/site-packages/torch/autograd/graph.py:829: UserWarning: Grad strides do not match bucket view strides. This may indicate grad was not created according to the gradient layout contract, or that the param's strides changed since DDP was constructed.  This is not an error, but may impair performance.
[2026-05-03T06:36:24.522569191Z] grad.sizes() = [1, 4, 512], strides() = [642048, 512, 1]
[2026-05-03T06:36:24.522779329Z] bucket_view.sizes() = [1, 4, 512], strides() = [2048, 512, 1] (Triggered internally at /workspace/framework/mcPytorch/torch/csrc/distributed/c10d/reducer.cpp:334.)
[2026-05-03T06:36:24.522946966Z]   return Variable._execution_engine.run_backward(  # Calls into the C++ engine to run the backward pass
[2026-05-03T06:36:24.523137976Z] /mnt/afs/zhengmingkai/miniconda3/envs/holter/lib/python3.12/site-packages/torch/autograd/graph.py:829: UserWarning: Grad strides do not match bucket view strides. This may indicate grad was not created according to the gradient layout contract, or that the param's strides changed since DDP was constructed.  This is not an error, but may impair performance.
[2026-05-03T06:36:24.523333161Z] grad.sizes() = [1, 4, 512], strides() = [642048, 512, 1]
[2026-05-03T06:36:24.523542030Z] bucket_view.sizes() = [1, 4, 512], strides() = [2048, 512, 1] (Triggered internally at /workspace/framework/mcPytorch/torch/csrc/distributed/c10d/reducer.cpp:334.)
[2026-05-03T06:36:24.523677267Z]   return Variable._execution_engine.run_backward(  # Calls into the C++ engine to run the backward pass
[2026-05-03T06:36:24.523836559Z] /mnt/afs/zhengmingkai/miniconda3/envs/holter/lib/python3.12/site-packages/torch/autograd/graph.py:829: UserWarning: Grad strides do not match bucket view strides. This may indicate grad was not created according to the gradient layout contract, or that the param's strides changed since DDP was constructed.  This is not an error, but may impair performance.
[2026-05-03T06:36:24.523976004Z] grad.sizes() = [1, 4, 512], strides() = [642048, 512, 1]
[2026-05-03T06:36:24.524106670Z] bucket_view.sizes() = [1, 4, 512], strides() = [2048, 512, 1] (Triggered internally at /workspace/framework/mcPytorch/torch/csrc/distributed/c10d/reducer.cpp:334.)
[2026-05-03T06:36:24.524228278Z]   return Variable._execution_engine.run_backward(  # Calls into the C++ engine to run the backward pass
[2026-05-03T06:36:24.524376061Z] /mnt/afs/zhengmingkai/miniconda3/envs/holter/lib/python3.12/site-packages/torch/autograd/graph.py:829: UserWarning: Grad strides do not match bucket view strides. This may indicate grad was not created according to the gradient layout contract, or that the param's strides changed since DDP was constructed.  This is not an error, but may impair performance.
[2026-05-03T06:36:24.524525983Z] grad.sizes() = [1, 4, 512], strides() = [642048, 512, 1]
[2026-05-03T06:36:24.524681953Z] bucket_view.sizes() = [1, 4, 512], strides() = [2048, 512, 1] (Triggered internally at /workspace/framework/mcPytorch/torch/csrc/distributed/c10d/reducer.cpp:334.)
[2026-05-03T06:36:24.524819711Z]   return Variable._execution_engine.run_backward(  # Calls into the C++ engine to run the backward pass
[2026-05-03T06:36:24.524945620Z] /mnt/afs/zhengmingkai/miniconda3/envs/holter/lib/python3.12/site-packages/torch/autograd/graph.py:829: UserWarning: Attempting to run cuBLAS, but there was no current CUDA context! Attempting to set the primary context... (Triggered internally at /workspace/framework/mcPytorch/aten/src/ATen/cuda/CublasHandlePool.cpp:183.)
[2026-05-03T06:36:24.525084475Z]   return Variable._execution_engine.run_backward(  # Calls into the C++ engine to run the backward pass
[2026-05-03T06:36:24.525217962Z] /mnt/afs/zhengmingkai/miniconda3/envs/holter/lib/python3.12/site-packages/torch/autograd/graph.py:829: UserWarning: Grad strides do not match bucket view strides. This may indicate grad was not created according to the gradient layout contract, or that the param's strides changed since DDP was constructed.  This is not an error, but may impair performance.
[2026-05-03T06:36:24.525363516Z] grad.sizes() = [1, 4, 512], strides() = [642048, 512, 1]
[2026-05-03T06:36:24.525502914Z] bucket_view.sizes() = [1, 4, 512], strides() = [2048, 512, 1] (Triggered internally at /workspace/framework/mcPytorch/torch/csrc/distributed/c10d/reducer.cpp:334.)
[2026-05-03T06:36:24.525633093Z]   return Variable._execution_engine.run_backward(  # Calls into the C++ engine to run the backward pass
[2026-05-03T06:36:24.525789167Z] /mnt/afs/zhengmingkai/miniconda3/envs/holter/lib/python3.12/site-packages/torch/autograd/graph.py:829: UserWarning: Grad strides do not match bucket view strides. This may indicate grad was not created according to the gradient layout contract, or that the param's strides changed since DDP was constructed.  This is not an error, but may impair performance.
[2026-05-03T06:36:24.525939301Z] grad.sizes() = [1, 4, 512], strides() = [642048, 512, 1]
[2026-05-03T06:36:24.526070284Z] bucket_view.sizes() = [1, 4, 512], strides() = [2048, 512, 1] (Triggered internally at /workspace/framework/mcPytorch/torch/csrc/distributed/c10d/reducer.cpp:334.)
[2026-05-03T06:36:24.526187159Z]   return Variable._execution_engine.run_backward(  # Calls into the C++ engine to run the backward pass
[2026-05-03T06:36:24.526323297Z]   [0/5] step 0/103 lr=0.00e+00 total=7.9636 gnorm=0.83 beat=11.9748 beat_mae=11.9748 day=0.0757 day_mask=0.0705 day_stats=0.0102 ep_align=7.2206 ep_cpc=7.1417 ep_order=0.7345 episode=10.8254 report=0.6980 rhythm=8.0257 rhythm_mask=7.9970 rr_next=0.1437 vq=0.0215
[2026-05-03T06:37:40.515512523Z]   [0/5] step 10/103 lr=1.00e-05 total=9.1719 gnorm=0.90 beat=15.4360 beat_mae=15.4360 day=3.3550 day_mask=0.0697 day_stats=6.5707 ep_align=7.0941 ep_cpc=7.1382 ep_order=0.6846 episode=10.7537 report=0.7212 rhythm=8.0886 rhythm_mask=8.0555 rr_next=0.1651 vq=0.0087
[2026-05-03T06:38:56.515288248Z]   [0/5] step 20/103 lr=2.00e-05 total=7.7097 gnorm=0.73 beat=11.3834 beat_mae=11.3834 day=7.9492 day_mask=0.0720 day_stats=15.7545 ep_align=7.0857 ep_cpc=7.1352 ep_order=0.6981 episode=10.7479 report=0.7071 rhythm=7.8729 rhythm_mask=7.8406 rr_next=0.1612 vq=0.0135
[2026-05-03T06:40:13.516175246Z]   [0/5] step 30/103 lr=3.00e-05 total=8.2823 gnorm=0.64 beat=13.1800 beat_mae=13.1800 day=117.1033 day_mask=0.0684 day_stats=234.0697 ep_align=7.0265 ep_cpc=7.1105 ep_order=0.6987 episode=10.6936 report=0.7217 rhythm=7.6457 rhythm_mask=7.6022 rr_next=0.2176 vq=0.0146
[2026-05-03T06:41:29.515245007Z]   [0/5] step 40/103 lr=4.00e-05 total=7.8123 gnorm=0.87 beat=11.9769 beat_mae=11.9769 day=10.8132 day_mask=0.0685 day_stats=21.4894 ep_align=6.6386 ep_cpc=6.9647 ep_order=0.6871 episode=10.3527 report=0.6948 rhythm=7.7412 rhythm_mask=7.7228 rr_next=0.0922 vq=0.0162
[2026-05-03T06:42:45.514753553Z]   [0/5] step 50/103 lr=5.00e-05 total=8.1565 gnorm=1.44 beat=13.1588 beat_mae=13.1588 day=79.7698 day_mask=0.0671 day_stats=159.4054 ep_align=6.8540 ep_cpc=6.9865 ep_order=0.6715 episode=10.4807 report=0.7183 rhythm=7.2657 rhythm_mask=7.2175 rr_next=0.2413 vq=0.0162
[2026-05-03T06:44:02.515666374Z]   [0/5] step 60/103 lr=6.00e-05 total=7.9892 gnorm=1.97 beat=13.0295 beat_mae=13.0295 day=13.5790 day_mask=0.0665 day_stats=27.0251 ep_align=6.3396 ep_cpc=6.3713 ep_order=0.6914 episode=9.6103 report=0.7154 rhythm=7.5280 rhythm_mask=7.5123 rr_next=0.0785 vq=0.0120
[2026-05-03T06:45:18.515896355Z]   [0/5] step 70/103 lr=7.00e-05 total=9.4684 gnorm=4.59 beat=17.1216 beat_mae=17.1216 day=20.0713 day_mask=0.0669 day_stats=40.0089 ep_align=6.5728 ep_cpc=6.5685 ep_order=0.6806 episode=9.9230 report=0.7144 rhythm=7.4525 rhythm_mask=7.4327 rr_next=0.0989 vq=0.0079
[2026-05-03T06:46:34.515583376Z]   [0/5] step 80/103 lr=8.00e-05 total=8.6181 gnorm=1.03 beat=15.1864 beat_mae=15.1864 day=14.5765 day_mask=0.0683 day_stats=29.0165 ep_align=6.1911 ep_cpc=6.2498 ep_order=0.6861 episode=9.4140 report=0.7128 rhythm=7.0975 rhythm_mask=7.0809 rr_next=0.0828 vq=0.0060
[2026-05-03T06:47:51.515773596Z]   [0/5] step 90/103 lr=9.00e-05 total=6.0484 gnorm=1.66 beat=7.4305 beat_mae=7.4305 day=24.0438 day_mask=0.0683 day_stats=47.9510 ep_align=6.8666 ep_cpc=6.8939 ep_order=0.6778 episode=10.3950 report=0.7107 rhythm=6.8415 rhythm_mask=6.7809 rr_next=0.3030 vq=0.0040
[2026-05-03T06:49:07.514667103Z]   [0/5] step 100/103 lr=1.00e-04 total=5.5939 gnorm=6.79 beat=7.1334 beat_mae=7.1334 day=22.6954 day_mask=0.0677 day_stats=45.2555 ep_align=6.1753 ep_cpc=6.1077 ep_order=0.7494 episode=9.2703 report=0.7070 rhythm=6.2135 rhythm_mask=6.1762 rr_next=0.1864 vq=0.0047
[2026-05-03T06:49:22.515544729Z] Epoch 0 (807s): beat=12.3414 beat_mae=12.3414 day=37.9549 day_mask=0.0687 day_stats=75.7724 ep_align=6.6018 ep_cpc=6.6585 ep_order=0.6966 episode=10.0291 report=0.7130 rhythm=7.3466 rhythm_mask=7.3200 rr_next=0.1333 total=7.7958 vq=0.0113
[2026-05-03T06:49:43.517679107Z]   Val: beat=13.1093 beat_mae=13.1093 day=118.4510 day_mask=0.0000 day_stats=236.9020 ep_align=6.4485 ep_cpc=6.2763 ep_order=0.6811 episode=9.5686 report=0.7224 rhythm=6.5496 rhythm_mask=6.5284 rr_next=0.1057 total=7.6274 vq=0.0113
[2026-05-03T06:49:43.517859652Z] /mnt/afs/zhengmingkai/miniconda3/envs/holter/lib/python3.12/site-packages/torch/distributed/distributed_c10d.py:5383: UserWarning: No device id is provided via `init_process_group` or `barrier `. Using the current device set by the user. 
[2026-05-03T06:49:43.518002329Z]   warnings.warn(  # warn only once
[2026-05-03T06:49:43.518182096Z] /mnt/afs/zhengmingkai/miniconda3/envs/holter/lib/python3.12/site-packages/torch/distributed/distributed_c10d.py:5383: UserWarning: No device id is provided via `init_process_group` or `barrier `. Using the current device set by the user. 
[2026-05-03T06:49:43.518332688Z]   warnings.warn(  # warn only once
[2026-05-03T06:49:43.518534148Z] /mnt/afs/zhengmingkai/miniconda3/envs/holter/lib/python3.12/site-packages/torch/distributed/distributed_c10d.py:5383: UserWarning: No device id is provided via `init_process_group` or `barrier `. Using the current device set by the user. 
[2026-05-03T06:49:43.518724863Z]   warnings.warn(  # warn only once
[2026-05-03T06:49:43.518987286Z] /mnt/afs/zhengmingkai/miniconda3/envs/holter/lib/python3.12/site-packages/torch/distributed/distributed_c10d.py:5383: UserWarning: No device id is provided via `init_process_group` or `barrier `. Using the current device set by the user. 
[2026-05-03T06:49:43.519132007Z]   warnings.warn(  # warn only once
[2026-05-03T06:49:43.519282702Z] /mnt/afs/zhengmingkai/miniconda3/envs/holter/lib/python3.12/site-packages/torch/distributed/distributed_c10d.py:5383: UserWarning: No device id is provided via `init_process_group` or `barrier `. Using the current device set by the user. 
[2026-05-03T06:49:43.519426323Z]   warnings.warn(  # warn only once
[2026-05-03T06:49:43.519638915Z] /mnt/afs/zhengmingkai/miniconda3/envs/holter/lib/python3.12/site-packages/torch/distributed/distributed_c10d.py:5383: UserWarning: No device id is provided via `init_process_group` or `barrier `. Using the current device set by the user. 
[2026-05-03T06:49:43.519795863Z]   warnings.warn(  # warn only once
[2026-05-03T06:49:43.519969604Z] /mnt/afs/zhengmingkai/miniconda3/envs/holter/lib/python3.12/site-packages/torch/distributed/distributed_c10d.py:5383: UserWarning: No device id is provided via `init_process_group` or `barrier `. Using the current device set by the user. 
[2026-05-03T06:49:43.520112645Z]   warnings.warn(  # warn only once
[2026-05-03T06:49:45.515300656Z]   Saved checkpoints/pretrain/holter_fm_epoch000.pt
[2026-05-03T06:49:45.515495793Z]   New best val loss: 7.6274
[2026-05-03T06:49:45.515663345Z] /mnt/afs/zhengmingkai/miniconda3/envs/holter/lib/python3.12/site-packages/torch/distributed/distributed_c10d.py:5383: UserWarning: No device id is provided via `init_process_group` or `barrier `. Using the current device set by the user. 
[2026-05-03T06:49:45.515815995Z]   warnings.warn(  # warn only once
[2026-05-03T06:49:56.515154249Z]   [1/5] step 0/103 lr=1.03e-04 total=8.0424 gnorm=1.85 beat=11.0579 beat_mae=11.0579 day=29.9270 day_mask=0.0684 day_stats=59.7172 ep_align=5.9585 ep_cpc=5.7324 ep_order=0.7175 episode=8.7833 report=0.7135 rhythm=6.0536 rhythm_mask=6.0401 rr_next=0.0677 vq=0.0056
[2026-05-03T06:51:13.515456862Z]   [1/5] step 10/103 lr=1.13e-04 total=9.4606 gnorm=11.39 beat=14.6217 beat_mae=14.6217 day=33.2616 day_mask=0.0425 day_stats=66.4383 ep_align=6.0701 ep_cpc=5.6800 ep_order=0.6698 episode=8.7820 report=0.6215 rhythm=6.2471 rhythm_mask=6.2327 rr_next=0.0719 vq=0.0052
[2026-05-03T06:52:29.515272318Z]   [1/5] step 20/103 lr=1.23e-04 total=17.8963 gnorm=2.52 beat=14.2673 beat_mae=14.2673 day=249.9180 day_mask=0.0330 day_stats=499.7701 ep_align=5.9331 ep_cpc=5.5863 ep_order=0.7215 episode=8.6249 report=0.6153 rhythm=5.8706 rhythm_mask=5.8553 rr_next=0.0766 vq=0.0077
[2026-05-03T06:53:46.515659317Z]   [1/5] step 30/103 lr=1.33e-04 total=9.0060 gnorm=2.36 beat=12.4251 beat_mae=12.4251 day=44.8392 day_mask=0.0306 day_stats=89.6172 ep_align=5.9447 ep_cpc=5.7041 ep_order=0.7215 episode=8.7486 report=0.3850 rhythm=5.5461 rhythm_mask=5.5356 rr_next=0.0523 vq=0.0088
[2026-05-03T06:55:02.515248567Z]   [1/5] step 40/103 lr=1.43e-04 total=8.7348 gnorm=2.86 beat=10.1641 beat_mae=10.1641 day=58.5523 day_mask=0.0354 day_stats=117.0338 ep_align=6.0043 ep_cpc=5.7495 ep_order=0.6857 episode=8.8202 report=0.4248 rhythm=5.3303 rhythm_mask=5.3049 rr_next=0.1266 vq=0.0091
[2026-05-03T06:56:19.515036036Z]   [1/5] step 50/103 lr=1.53e-04 total=10.6956 gnorm=3.49 beat=15.9142 beat_mae=15.9142 day=53.8058 day_mask=0.0412 day_stats=107.5291 ep_align=7.0463 ep_cpc=5.6502 ep_order=0.7139 episode=9.2447 report=0.2981 rhythm=5.6039 rhythm_mask=5.5922 rr_next=0.0588 vq=0.0067
[2026-05-03T06:57:35.515350335Z]   [1/5] step 60/103 lr=1.63e-04 total=9.6684 gnorm=9.80 beat=12.4357 beat_mae=12.4357 day=61.8995 day_mask=0.0609 day_stats=123.6772 ep_align=6.6938 ep_cpc=6.0196 ep_order=0.6677 episode=9.4332 report=0.5012 rhythm=4.7355 rhythm_mask=4.7246 rr_next=0.0541 vq=0.0117
[2026-05-03T06:58:51.514848566Z]   [1/5] step 70/103 lr=1.73e-04 total=10.0062 gnorm=10.61 beat=10.5164 beat_mae=10.5164 day=90.0943 day_mask=0.0430 day_stats=180.1026 ep_align=6.4958 ep_cpc=5.8366 ep_order=0.6904 episode=9.1535 report=0.4684 rhythm=4.4252 rhythm_mask=4.4135 rr_next=0.0583 vq=0.0129
[2026-05-03T07:00:07.515648136Z]   [1/5] step 80/103 lr=1.83e-04 total=9.3471 gnorm=10.53 beat=10.4054 beat_mae=10.4054 day=78.4899 day_mask=0.0431 day_stats=156.8935 ep_align=6.0860 ep_cpc=5.5627 ep_order=0.6385 episode=8.6695 report=0.3377 rhythm=4.1333 rhythm_mask=4.1242 rr_next=0.0453 vq=0.0167
[2026-05-03T07:01:23.515196552Z]   [1/5] step 90/103 lr=1.93e-04 total=9.9278 gnorm=3.94 beat=11.1772 beat_mae=11.1772 day=84.4396 day_mask=0.0478 day_stats=168.7837 ep_align=6.2369 ep_cpc=5.4878 ep_order=0.7776 episode=8.6840 report=0.4375 rhythm=4.4757 rhythm_mask=4.4650 rr_next=0.0536 vq=0.0189
[2026-05-03T07:02:40.515579063Z]   [1/5] step 100/103 lr=2.00e-04 total=9.2916 gnorm=7.46 beat=10.4440 beat_mae=10.4440 day=77.2463 day_mask=0.0568 day_stats=154.3791 ep_align=5.8071 ep_cpc=5.2753 ep_order=0.7510 episode=8.2539 report=0.4299 rhythm=4.4468 rhythm_mask=4.4329 rr_next=0.0693 vq=0.0188
[2026-05-03T07:02:55.515391472Z] Epoch 1 (790s): beat=11.4988 beat_mae=11.4988 day=156.7887 day_mask=0.0450 day_stats=313.4875 ep_align=6.3144 ep_cpc=5.7987 ep_order=0.7134 episode=9.0272 report=0.4940 rhythm=5.0985 rhythm_mask=5.0844 rr_next=0.0703 total=13.1273 vq=0.0110
[2026-05-03T07:03:16.515659596Z]   Val: beat=11.5394 beat_mae=11.5394 day=157.8418 day_mask=0.0000 day_stats=315.6835 ep_align=6.6241 ep_cpc=5.8663 ep_order=0.7701 episode=9.2554 report=0.4563 rhythm=4.2604 rhythm_mask=4.2455 rr_next=0.0744 total=10.1497 vq=0.0483
[2026-05-03T07:03:28.515870477Z]   [2/5] step 0/103 lr=2.00e-04 total=12.1037 gnorm=3.71 beat=9.0184 beat_mae=9.0184 day=78.8949 day_mask=0.0748 day_stats=157.6401 ep_align=6.4337 ep_cpc=5.4028 ep_order=0.8435 episode=8.7040 report=0.3212 rhythm=4.4323 rhythm_mask=4.4228 rr_next=0.0478 vq=0.0198
[2026-05-03T07:04:44.515203123Z]   [2/5] step 10/103 lr=1.99e-04 total=12.4692 gnorm=10.06 beat=8.9465 beat_mae=8.9465 day=85.4192 day_mask=0.0521 day_stats=170.7344 ep_align=6.1120 ep_cpc=5.5475 ep_order=0.7328 episode=8.6768 report=0.3560 rhythm=3.7969 rhythm_mask=3.7910 rr_next=0.0296 vq=0.0257
[2026-05-03T07:06:00.516055751Z]   [2/5] step 20/103 lr=1.97e-04 total=12.1840 gnorm=20.10 beat=10.4746 beat_mae=10.4746 day=75.9446 day_mask=0.0281 day_stats=151.8330 ep_align=6.3201 ep_cpc=5.7473 ep_order=0.6365 episode=8.9709 report=0.3129 rhythm=3.1972 rhythm_mask=3.1890 rr_next=0.0410 vq=0.0240
[2026-05-03T07:07:16.514901218Z]   [2/5] step 30/103 lr=1.94e-04 total=12.2142 gnorm=8.00 beat=11.3359 beat_mae=11.3359 day=72.8420 day_mask=0.0337 day_stats=145.6165 ep_align=6.3563 ep_cpc=5.6870 ep_order=0.6907 episode=8.9342 report=0.3061 rhythm=3.1217 rhythm_mask=3.1131 rr_next=0.0431 vq=0.0201
[2026-05-03T07:08:33.515302129Z]   [2/5] step 40/103 lr=1.91e-04 total=11.4109 gnorm=17.61 beat=10.1886 beat_mae=10.1886 day=67.2242 day_mask=0.0358 day_stats=134.3769 ep_align=6.2679 ep_cpc=5.4206 ep_order=0.8027 episode=8.6348 report=0.3229 rhythm=3.6571 rhythm_mask=3.6469 rr_next=0.0511 vq=0.0207
[2026-05-03T07:09:49.515573996Z]   [2/5] step 50/103 lr=1.86e-04 total=35.7262 gnorm=5.84 beat=12.9014 beat_mae=12.9014 day=358.2284 day_mask=0.0688 day_stats=716.3191 ep_align=6.2786 ep_cpc=5.5046 ep_order=0.7205 episode=8.7159 report=0.2867 rhythm=4.0065 rhythm_mask=3.9950 rr_next=0.0575 vq=0.0224
[2026-05-03T07:11:05.515634443Z]   [2/5] step 60/103 lr=1.81e-04 total=11.1519 gnorm=24.78 beat=10.9397 beat_mae=10.9397 day=62.0410 day_mask=0.0479 day_stats=123.9861 ep_align=6.1045 ep_cpc=5.4046 ep_order=0.7531 episode=8.5321 report=1.0069 rhythm=3.1555 rhythm_mask=3.1430 rr_next=0.0625 vq=0.0202
[2026-05-03T07:12:21.515789978Z]   [2/5] step 70/103 lr=1.75e-04 total=33.7675 gnorm=7.17 beat=12.7194 beat_mae=12.7194 day=335.2988 day_mask=0.0649 day_stats=670.4678 ep_align=6.1230 ep_cpc=5.4339 ep_order=0.5818 episode=8.5535 report=0.5602 rhythm=3.8391 rhythm_mask=3.8309 rr_next=0.0408 vq=0.0210
[2026-05-03T07:13:38.515229855Z]   [2/5] step 80/103 lr=1.69e-04 total=74.6015 gnorm=8.53 beat=12.0690 beat_mae=12.0690 day=849.4816 day_mask=0.0659 day_stats=1698.8314 ep_align=6.4632 ep_cpc=5.1856 ep_order=0.7176 episode=8.4890 report=0.5527 rhythm=3.5398 rhythm_mask=3.5241 rr_next=0.0788 vq=0.0200
[2026-05-03T07:14:54.515774677Z]   [2/5] step 90/103 lr=1.62e-04 total=9.8634 gnorm=16.86 beat=10.1165 beat_mae=10.1165 day=53.6170 day_mask=0.0374 day_stats=107.1593 ep_align=5.6833 ep_cpc=4.9917 ep_order=0.7372 episode=7.9071 report=0.2552 rhythm=2.2244 rhythm_mask=2.2186 rr_next=0.0289 vq=0.0187
[2026-05-03T07:16:10.515603714Z]   [2/5] step 100/103 lr=1.54e-04 total=10.2680 gnorm=18.83 beat=11.3168 beat_mae=11.3168 day=52.3935 day_mask=0.0350 day_stats=104.7169 ep_align=6.4742 ep_cpc=5.4054 ep_order=0.7009 episode=8.7126 report=0.2078 rhythm=1.8376 rhythm_mask=1.8308 rr_next=0.0338 vq=0.0144
[2026-05-03T07:16:25.514941186Z] Epoch 2 (789s): beat=9.7551 beat_mae=9.7551 day=100.5922 day_mask=0.0476 day_stats=201.0892 ep_align=6.2265 ep_cpc=5.4014 ep_order=0.7133 episode=8.5860 report=0.4218 rhythm=3.1734 rhythm_mask=3.1626 rr_next=0.0541 total=13.8241 vq=0.0218
[2026-05-03T07:16:45.515445181Z]   Val: beat=9.9296 beat_mae=9.9296 day=135.6709 day_mask=0.0000 day_stats=271.3418 ep_align=6.2609 ep_cpc=5.5125 ep_order=0.6981 episode=8.7128 report=0.4485 rhythm=2.4906 rhythm_mask=2.4819 rr_next=0.0436 total=12.7968 vq=0.0229
[2026-05-03T07:16:47.515323888Z]   Saved checkpoints/pretrain/holter_fm_epoch002.pt
[2026-05-03T07:16:58.515590824Z]   [3/5] step 0/103 lr=1.52e-04 total=11.0548 gnorm=14.71 beat=6.7771 beat_mae=6.7771 day=55.0964 day_mask=0.0621 day_stats=110.0685 ep_align=5.6141 ep_cpc=5.0020 ep_order=0.6650 episode=7.8756 report=0.4504 rhythm=2.4028 rhythm_mask=2.3946 rr_next=0.0410 vq=0.0204
[2026-05-03T07:18:14.515260206Z]   [3/5] step 10/103 lr=1.44e-04 total=13.6703 gnorm=14.59 beat=8.9986 beat_mae=8.9986 day=71.0525 day_mask=0.0538 day_stats=141.9974 ep_align=5.8856 ep_cpc=5.0306 ep_order=0.7459 episode=8.0480 report=0.3734 rhythm=1.8554 rhythm_mask=1.8500 rr_next=0.0269 vq=0.0256
[2026-05-03T07:19:30.515665677Z]   [3/5] step 20/103 lr=1.35e-04 total=45.5594 gnorm=15.09 beat=9.5363 beat_mae=9.5363 day=335.3991 day_mask=0.0350 day_stats=670.7281 ep_align=5.5049 ep_cpc=4.9147 ep_order=0.7250 episode=7.7396 report=0.3116 rhythm=2.0729 rhythm_mask=2.0672 rr_next=0.0282 vq=0.0196
[2026-05-03T07:20:46.515478049Z]   [3/5] step 30/103 lr=1.27e-04 total=13.5373 gnorm=18.71 beat=9.0911 beat_mae=9.0911 day=68.9569 day_mask=0.0519 day_stats=137.8099 ep_align=5.8106 ep_cpc=4.9972 ep_order=0.6813 episode=7.9707 report=0.4404 rhythm=2.3577 rhythm_mask=2.3488 rr_next=0.0443 vq=0.0172
[2026-05-03T07:22:02.515183887Z]   [3/5] step 40/103 lr=1.18e-04 total=13.0166 gnorm=20.08 beat=7.2101 beat_mae=7.2101 day=67.9615 day_mask=0.0330 day_stats=135.8570 ep_align=6.2599 ep_cpc=5.6574 ep_order=0.6387 episode=8.8512 report=0.3583 rhythm=2.7725 rhythm_mask=2.7323 rr_next=0.2011 vq=0.0217
[2026-05-03T07:23:19.515214721Z]   [3/5] step 50/103 lr=1.09e-04 total=12.0376 gnorm=37.39 beat=7.5335 beat_mae=7.5335 day=61.7671 day_mask=0.0389 day_stats=123.4563 ep_align=5.4757 ep_cpc=4.7383 ep_order=0.7639 episode=7.5525 report=0.3191 rhythm=2.3348 rhythm_mask=2.3267 rr_next=0.0405 vq=0.0184
[2026-05-03T07:24:35.514898039Z]   [3/5] step 60/103 lr=9.97e-05 total=11.3106 gnorm=22.24 beat=7.8817 beat_mae=7.8817 day=55.7872 day_mask=0.0461 day_stats=111.4821 ep_align=5.0591 ep_cpc=4.6988 ep_order=0.6461 episode=7.2929 report=0.2538 rhythm=1.9489 rhythm_mask=1.9424 rr_next=0.0322 vq=0.0158
[2026-05-03T07:25:51.515586115Z]   [3/5] step 70/103 lr=9.08e-05 total=11.1749 gnorm=14.61 beat=8.7628 beat_mae=8.7628 day=50.9558 day_mask=0.0364 day_stats=101.8387 ep_align=5.4144 ep_cpc=4.9908 ep_order=0.6688 episode=7.7649 report=0.2988 rhythm=2.1466 rhythm_mask=2.1382 rr_next=0.0420 vq=0.0195
[2026-05-03T07:27:07.515400058Z]   [3/5] step 80/103 lr=8.22e-05 total=13.2234 gnorm=5.32 beat=8.8310 beat_mae=8.8310 day=67.7192 day_mask=0.0289 day_stats=135.3805 ep_align=5.2675 ep_cpc=4.6314 ep_order=0.6739 episode=7.3325 report=1.0583 rhythm=2.5296 rhythm_mask=2.5152 rr_next=0.0718 vq=0.0207
[2026-05-03T07:28:23.514683910Z]   [3/5] step 90/103 lr=7.38e-05 total=10.7606 gnorm=2.80 beat=9.3857 beat_mae=9.3857 day=45.9940 day_mask=0.0306 day_stats=91.9270 ep_align=5.3343 ep_cpc=4.8369 ep_order=0.7004 episode=7.5741 report=0.5920 rhythm=2.1109 rhythm_mask=2.1016 rr_next=0.0462 vq=0.0161
[2026-05-03T07:29:40.515469109Z]   [3/5] step 100/103 lr=6.58e-05 total=9.6075 gnorm=43.55 beat=6.8668 beat_mae=6.8668 day=44.1966 day_mask=0.0232 day_stats=88.3467 ep_align=5.7002 ep_cpc=4.8412 ep_order=0.6520 episode=7.7565 report=0.3222 rhythm=1.6874 rhythm_mask=1.6801 rr_next=0.0364 vq=0.0205
[2026-05-03T07:29:55.515826084Z] Epoch 3 (788s): beat=8.6677 beat_mae=8.6677 day=114.6515 day_mask=0.0392 day_stats=229.2247 ep_align=5.5404 ep_cpc=4.8748 ep_order=0.6992 episode=7.7149 report=0.3989 rhythm=2.2422 rhythm_mask=2.2327 rr_next=0.0478 total=18.7971 vq=0.0186
[2026-05-03T07:30:16.515682213Z]   Val: beat=9.4235 beat_mae=9.4235 day=133.8258 day_mask=0.0000 day_stats=267.6516 ep_align=5.9386 ep_cpc=5.3755 ep_order=0.7055 episode=8.4154 report=0.4670 rhythm=1.7985 rhythm_mask=1.7888 rr_next=0.0483 total=15.0681 vq=0.0271
[2026-05-03T07:30:27.515531477Z]   [4/5] step 0/103 lr=6.35e-05 total=10.0222 gnorm=5.60 beat=10.8562 beat_mae=10.8562 day=26.9099 day_mask=0.0278 day_stats=53.7641 ep_align=5.7156 ep_cpc=4.7397 ep_order=0.7334 episode=7.6708 report=0.1947 rhythm=1.8657 rhythm_mask=1.8559 rr_next=0.0487 vq=0.0190
[2026-05-03T07:31:43.515588044Z]   [4/5] step 10/103 lr=5.60e-05 total=13.5620 gnorm=22.39 beat=9.3553 beat_mae=9.3553 day=52.1566 day_mask=0.0260 day_stats=104.2613 ep_align=5.5426 ep_cpc=4.7123 ep_order=0.6944 episode=7.5530 report=0.3536 rhythm=2.0800 rhythm_mask=2.0728 rr_next=0.0363 vq=0.0183
[2026-05-03T07:32:59.515210999Z]   [4/5] step 20/103 lr=4.91e-05 total=14.0984 gnorm=30.34 beat=9.9436 beat_mae=9.9436 day=54.8521 day_mask=0.0281 day_stats=109.6480 ep_align=4.9810 ep_cpc=4.6876 ep_order=0.7061 episode=7.2487 report=0.4044 rhythm=1.8698 rhythm_mask=1.8612 rr_next=0.0428 vq=0.0193
[2026-05-03T07:34:16.514925321Z]   [4/5] step 30/103 lr=4.28e-05 total=12.7239 gnorm=38.04 beat=7.7952 beat_mae=7.7952 day=50.6214 day_mask=0.0262 day_stats=101.1906 ep_align=5.2022 ep_cpc=4.8757 ep_order=0.7489 episode=7.5517 report=0.4433 rhythm=1.8308 rhythm_mask=1.8237 rr_next=0.0353 vq=0.0195
[2026-05-03T07:35:32.530589689Z]   [4/5] step 40/103 lr=3.72e-05 total=15.2513 gnorm=24.08 beat=10.2578 beat_mae=10.2578 day=61.2091 day_mask=0.0315 day_stats=122.3551 ep_align=5.2555 ep_cpc=4.8652 ep_order=0.7023 episode=7.5632 report=0.4087 rhythm=1.6835 rhythm_mask=1.6753 rr_next=0.0407 vq=0.0190
[2026-05-03T07:36:48.515400997Z]   [4/5] step 50/103 lr=3.23e-05 total=14.7635 gnorm=8.35 beat=8.9993 beat_mae=8.9993 day=60.7359 day_mask=0.0229 day_stats=121.4260 ep_align=5.3275 ep_cpc=4.8286 ep_order=0.6761 episode=7.5600 report=0.4714 rhythm=1.8164 rhythm_mask=1.8085 rr_next=0.0397 vq=0.0189
[2026-05-03T07:38:04.515754055Z]   [4/5] step 60/103 lr=2.82e-05 total=13.5919 gnorm=5.77 beat=8.7330 beat_mae=8.7330 day=54.6575 day_mask=0.0236 day_stats=109.2679 ep_align=4.9489 ep_cpc=4.5790 ep_order=0.6957 episode=7.1231 report=0.2152 rhythm=1.7753 rhythm_mask=1.7695 rr_next=0.0290 vq=0.0183
[2026-05-03T07:39:21.515187167Z]   [4/5] step 70/103 lr=2.48e-05 total=13.0674 gnorm=11.30 beat=6.0144 beat_mae=6.0144 day=56.7133 day_mask=0.0378 day_stats=113.3510 ep_align=5.1671 ep_cpc=4.7190 ep_order=0.6923 episode=7.3718 report=0.2673 rhythm=2.0060 rhythm_mask=1.9949 rr_next=0.0555 vq=0.0195
[2026-05-03T07:40:37.515666843Z]   [4/5] step 80/103 lr=2.24e-05 total=138.3838 gnorm=2.37 beat=6.5031 beat_mae=6.5031 day=839.2669 day_mask=0.0233 day_stats=1678.4872 ep_align=4.9342 ep_cpc=4.7401 ep_order=0.6849 episode=7.2757 report=0.5281 rhythm=1.7357 rhythm_mask=1.7282 rr_next=0.0377 vq=0.0162
[2026-05-03T07:41:53.514654062Z]   [4/5] step 90/103 lr=2.08e-05 total=19.5050 gnorm=8.69 beat=8.0901 beat_mae=8.0901 day=91.7758 day_mask=0.0273 day_stats=183.4970 ep_align=5.4501 ep_cpc=4.9061 ep_order=0.7033 episode=7.7015 report=0.5178 rhythm=2.1325 rhythm_mask=2.1239 rr_next=0.0429 vq=0.0188
[2026-05-03T07:43:09.514988525Z]   [4/5] step 100/103 lr=2.00e-05 total=14.9219 gnorm=25.69 beat=6.7752 beat_mae=6.7752 day=66.7216 day_mask=0.0434 day_stats=133.3564 ep_align=5.2866 ep_cpc=4.6678 ep_order=0.7126 episode=7.3823 report=0.3036 rhythm=1.9254 rhythm_mask=1.9194 rr_next=0.0298 vq=0.0150
[2026-05-03T07:43:25.515392100Z] Epoch 4 (789s): beat=8.3727 beat_mae=8.3727 day=133.2389 day_mask=0.0338 day_stats=266.4102 ep_align=5.2642 ep_cpc=4.7119 ep_order=0.7016 episode=7.4142 report=0.4171 rhythm=1.8802 rhythm_mask=1.8709 rr_next=0.0464 total=26.1261 vq=0.0188
[2026-05-03T07:43:45.518084236Z]   Val: beat=9.2315 beat_mae=9.2315 day=146.1178 day_mask=0.0000 day_stats=292.2355 ep_align=5.8644 ep_cpc=5.3730 ep_order=0.7066 episode=8.3759 report=0.4573 rhythm=1.5785 rhythm_mask=1.5710 rr_next=0.0378 total=18.4256 vq=0.0266
[2026-05-03T07:43:46.516919329Z]   Saved checkpoints/pretrain/holter_fm_epoch004.pt
[2026-05-03T07:43:46.517083440Z] Pretraining complete.
[2026-05-03T07:43:46.517304888Z] Pretraining complete.
[2026-05-03T07:43:46.517499877Z] Pretraining complete.
[2026-05-03T07:43:46.517751046Z] Pretraining complete.
[2026-05-03T07:43:46.517905012Z] Pretraining complete.
[2026-05-03T07:43:46.518085933Z] Pretraining complete.
[2026-05-03T07:43:46.518223694Z] Pretraining complete.
[2026-05-03T07:43:46.518443131Z] Pretraining complete.
[2026-05-03T07:44:01.515249759Z] 
[2026-05-03T07:44:01.515440246Z] === M2 Complete ===
[2026-05-03T07:44:01.515655119Z] Checkpoints in: checkpoints/pretrain
[2026-05-03T07:44:01.515807736Z] Best model: checkpoints/pretrain/holter_fm_best.pt
